<?xml version="1.0" encoding="UTF-8"?>
<testsuite name="tests.LoginTests" tests="1" skipped="0" failures="0" errors="0" timestamp="2022-07-04T19:59:16" hostname="LAPTOP-34E5I2R6" time="0.671">
  <properties/>
  <testcase name="loginSuccess" classname="tests.LoginTests" time="0.671"/>
  <system-out><![CDATA[]]></system-out>
  <system-err><![CDATA[]]></system-err>
</testsuite>
